# JRE version: OpenJDK Runtime Environment (8.0_242-b01) (build 1.8.0_242-release-1644-b01)
# Java VM: OpenJDK 64-Bit Server VM (25.242-b01 mixed mode windows-amd64 compressed oops)
Heap:
 PSYoungGen      total 619008K, used 566008K [0x00000000d5580000, 0x0000000100000000, 0x0000000100000000)
  eden space 571904K, 90% used [0x00000000d5580000,0x00000000f50748b0,0x00000000f8400000)
  from space 47104K, 99% used [0x00000000f8400000,0x00000000fb1c9a88,0x00000000fb200000)
  to   space 67072K, 0% used [0x00000000fbe80000,0x00000000fbe80000,0x0000000100000000)
 ParOldGen       total 203264K, used 78219K [0x0000000080000000, 0x000000008c680000, 0x00000000d5580000)
  object space 203264K, 38% used [0x0000000080000000,0x0000000084c62e08,0x000000008c680000)
 Metaspace       used 107011K, capacity 115084K, committed 115416K, reserved 1148928K
  class space    used 13628K, capacity 14989K, committed 15104K, reserved 1048576K
GC Heap History (10 events):
Event: 1060.411 GC heap before
{Heap before GC invocations=19 (full 4):
 PSYoungGen      total 648192K, used 647041K [0x00000000d5580000, 0x0000000100000000, 0x0000000100000000)
  eden space 608768K, 100% used [0x00000000d5580000,0x00000000fa800000,0x00000000fa800000)
  from space 39424K, 97% used [0x00000000fd980000,0x00000000ffee0688,0x0000000100000000)
  to   space 45056K, 0% used [0x00000000fa800000,0x00000000fa800000,0x00000000fd400000)
 ParOldGen       total 203264K, used 78179K [0x0000000080000000, 0x000000008c680000, 0x00000000d5580000)
  object space 203264K, 38% used [0x0000000080000000,0x0000000084c58e08,0x000000008c680000)
 Metaspace       used 103953K, capacity 109634K, committed 109784K, reserved 1144832K
  class space    used 13249K, capacity 14296K, committed 14336K, reserved 1048576K
Event: 1060.458 GC heap after
Heap after GC invocations=19 (full 4):
 PSYoungGen      total 650240K, used 41422K [0x00000000d5580000, 0x0000000100000000, 0x0000000100000000)
  eden space 608768K, 0% used [0x00000000d5580000,0x00000000d5580000,0x00000000fa800000)
  from space 41472K, 99% used [0x00000000fa800000,0x00000000fd073a38,0x00000000fd080000)
  to   space 48640K, 0% used [0x00000000fd080000,0x00000000fd080000,0x0000000100000000)
 ParOldGen       total 203264K, used 78187K [0x0000000080000000, 0x000000008c680000, 0x00000000d5580000)
  object space 203264K, 38% used [0x0000000080000000,0x0000000084c5ae08,0x000000008c680000)
 Metaspace       used 103953K, capacity 109634K, committed 109784K, reserved 1144832K
  class space    used 13249K, capacity 14296K, committed 14336K, reserved 1048576K
}
Event: 1200.567 GC heap before
{Heap before GC invocations=20 (full 4):
 PSYoungGen      total 650240K, used 650190K [0x00000000d5580000, 0x0000000100000000, 0x0000000100000000)
  eden space 608768K, 100% used [0x00000000d5580000,0x00000000fa800000,0x00000000fa800000)
  from space 41472K, 99% used [0x00000000fa800000,0x00000000fd073a38,0x00000000fd080000)
  to   space 48640K, 0% used [0x00000000fd080000,0x00000000fd080000,0x0000000100000000)
 ParOldGen       total 203264K, used 78187K [0x0000000080000000, 0x000000008c680000, 0x00000000d5580000)
  object space 203264K, 38% used [0x0000000080000000,0x0000000084c5ae08,0x000000008c680000)
 Metaspace       used 104784K, capacity 111214K, committed 111320K, reserved 1146880K
  class space    used 13368K, capacity 14510K, committed 14592K, reserved 1048576K
Event: 1200.650 GC heap after
Heap after GC invocations=20 (full 4):
 PSYoungGen      total 635904K, used 43166K [0x00000000d5580000, 0x0000000100000000, 0x0000000100000000)
  eden space 587264K, 0% used [0x00000000d5580000,0x00000000d5580000,0x00000000f9300000)
  from space 48640K, 88% used [0x00000000fd080000,0x00000000ffaa7a88,0x0000000100000000)
  to   space 55808K, 0% used [0x00000000f9300000,0x00000000f9300000,0x00000000fc980000)
 ParOldGen       total 203264K, used 78195K [0x0000000080000000, 0x000000008c680000, 0x00000000d5580000)
  object space 203264K, 38% used [0x0000000080000000,0x0000000084c5ce08,0x000000008c680000)
 Metaspace       used 104784K, capacity 111214K, committed 111320K, reserved 1146880K
  class space    used 13368K, capacity 14510K, committed 14592K, reserved 1048576K
}
Event: 1275.212 GC heap before
{Heap before GC invocations=21 (full 4):
 PSYoungGen      total 635904K, used 630430K [0x00000000d5580000, 0x0000000100000000, 0x0000000100000000)
  eden space 587264K, 100% used [0x00000000d5580000,0x00000000f9300000,0x00000000f9300000)
  from space 48640K, 88% used [0x00000000fd080000,0x00000000ffaa7a88,0x0000000100000000)
  to   space 55808K, 0% used [0x00000000f9300000,0x00000000f9300000,0x00000000fc980000)
 ParOldGen       total 203264K, used 78195K [0x0000000080000000, 0x000000008c680000, 0x00000000d5580000)
  object space 203264K, 38% used [0x0000000080000000,0x0000000084c5ce08,0x000000008c680000)
 Metaspace       used 105187K, capacity 111912K, committed 112088K, reserved 1146880K
  class space    used 13401K, capacity 14571K, committed 14592K, reserved 1048576K
Event: 1275.258 GC heap after
Heap after GC invocations=21 (full 4):
 PSYoungGen      total 631296K, used 43982K [0x00000000d5580000, 0x0000000100000000, 0x0000000100000000)
  eden space 587264K, 0% used [0x00000000d5580000,0x00000000d5580000,0x00000000f9300000)
  from space 44032K, 99% used [0x00000000f9300000,0x00000000fbdf39b8,0x00000000fbe00000)
  to   space 60416K, 0% used [0x00000000fc500000,0x00000000fc500000,0x0000000100000000)
 ParOldGen       total 203264K, used 78203K [0x0000000080000000, 0x000000008c680000, 0x00000000d5580000)
  object space 203264K, 38% used [0x0000000080000000,0x0000000084c5ee08,0x000000008c680000)
 Metaspace       used 105187K, capacity 111912K, committed 112088K, reserved 1146880K
  class space    used 13401K, capacity 14571K, committed 14592K, reserved 1048576K
}
Event: 1467.440 GC heap before
{Heap before GC invocations=22 (full 4):
 PSYoungGen      total 631296K, used 631246K [0x00000000d5580000, 0x0000000100000000, 0x0000000100000000)
  eden space 587264K, 100% used [0x00000000d5580000,0x00000000f9300000,0x00000000f9300000)
  from space 44032K, 99% used [0x00000000f9300000,0x00000000fbdf39b8,0x00000000fbe00000)
  to   space 60416K, 0% used [0x00000000fc500000,0x00000000fc500000,0x0000000100000000)
 ParOldGen       total 203264K, used 78203K [0x0000000080000000, 0x000000008c680000, 0x00000000d5580000)
  object space 203264K, 38% used [0x0000000080000000,0x0000000084c5ee08,0x000000008c680000)
 Metaspace       used 105440K, capacity 112236K, committed 112344K, reserved 1146880K
  class space    used 13402K, capacity 14571K, committed 14592K, reserved 1048576K
Event: 1467.484 GC heap after
Heap after GC invocations=22 (full 4):
 PSYoungGen      total 632320K, used 43422K [0x00000000d5580000, 0x0000000100000000, 0x0000000100000000)
  eden space 571904K, 0% used [0x00000000d5580000,0x00000000d5580000,0x00000000f8400000)
  from space 60416K, 71% used [0x00000000fc500000,0x00000000fef679c0,0x0000000100000000)
  to   space 63488K, 0% used [0x00000000f8400000,0x00000000f8400000,0x00000000fc200000)
 ParOldGen       total 203264K, used 78211K [0x0000000080000000, 0x000000008c680000, 0x00000000d5580000)
  object space 203264K, 38% used [0x0000000080000000,0x0000000084c60e08,0x000000008c680000)
 Metaspace       used 105440K, capacity 112236K, committed 112344K, reserved 1146880K
  class space    used 13402K, capacity 14571K, committed 14592K, reserved 1048576K
}
Event: 1619.673 GC heap before
{Heap before GC invocations=23 (full 4):
 PSYoungGen      total 632320K, used 615326K [0x00000000d5580000, 0x0000000100000000, 0x0000000100000000)
  eden space 571904K, 100% used [0x00000000d5580000,0x00000000f8400000,0x00000000f8400000)
  from space 60416K, 71% used [0x00000000fc500000,0x00000000fef679c0,0x0000000100000000)
  to   space 63488K, 0% used [0x00000000f8400000,0x00000000f8400000,0x00000000fc200000)
 ParOldGen       total 203264K, used 78211K [0x0000000080000000, 0x000000008c680000, 0x00000000d5580000)
  object space 203264K, 38% used [0x0000000080000000,0x0000000084c60e08,0x000000008c680000)
 Metaspace       used 105643K, capacity 112368K, committed 112600K, reserved 1146880K
  class space    used 13402K, capacity 14571K, committed 14592K, reserved 1048576K
Event: 1619.718 GC heap after
Heap after GC invocations=23 (full 4):
 PSYoungGen      total 619008K, used 46886K [0x00000000d5580000, 0x0000000100000000, 0x0000000100000000)
  eden space 571904K, 0% used [0x00000000d5580000,0x00000000d5580000,0x00000000f8400000)
  from space 47104K, 99% used [0x00000000f8400000,0x00000000fb1c9a88,0x00000000fb200000)
  to   space 67072K, 0% used [0x00000000fbe80000,0x00000000fbe80000,0x0000000100000000)
 ParOldGen       total 203264K, used 78219K [0x0000000080000000, 0x000000008c680000, 0x00000000d5580000)
  object space 203264K, 38% used [0x0000000080000000,0x0000000084c62e08,0x000000008c680000)
 Metaspace       used 105643K, capacity 112368K, committed 112600K, reserved 1146880K
  class space    used 13402K, capacity 14571K, committed 14592K, reserved 1048576K
}

